 TIME, RATES AND OIL PRESSURES
   TIME   PL      P( 1)   P( 2)   P( 3)   P( 4)   P( 5)   P( 6)   P( 7)   P( 8)   P( 9)   P(10)   PR
      X=    5.00   15.00   25.00   35.00   45.00   55.00   65.00   75.00   85.00   95.00
    0.00  200.00  200.00  200.00  200.00  200.00  200.00  200.00  200.00  200.00  200.00  200.00  200.00
    2.50  209.57  209.58  208.35  207.20  206.11  205.08  204.10  203.15  202.23  201.33  200.44  200.00
    5.00  211.94  211.80  210.47  209.18  207.91  206.66  205.43  204.21  203.00  201.79  200.60  200.00
    7.50  212.71  212.43  211.04  209.72  208.41  207.10  205.80  204.51  203.22  201.93  200.64  200.00
   10.00  213.04  212.62  211.20  209.87  208.55  207.22  205.91  204.59  203.28  201.96  200.65  200.00
   12.50  213.27  212.70  211.24  209.91  208.58  207.26  205.93  204.61  203.29  201.97  200.66  200.00
   15.00  213.41  212.75  211.25  209.92  208.59  207.27  205.94  204.62  203.30  201.98  200.66  200.00
   17.50  213.55  212.80  211.25  209.92  208.60  207.27  205.94  204.62  203.30  201.98  200.66  200.00
   20.00  213.72  212.88  211.25  209.92  208.60  207.27  205.94  204.62  203.30  201.98  200.66  200.00
   22.50  213.90  212.96  211.25  209.92  208.60  207.27  205.94  204.62  203.30  201.98  200.66  200.00
   25.00  214.14  213.09  211.25  209.92  208.59  207.27  205.94  204.62  203.30  201.98  200.66  200.00
   27.50  214.42  213.23  211.25  209.92  208.59  207.27  205.94  204.62  203.30  201.98  200.66  200.00
   30.00  214.74  213.41  211.25  209.92  208.59  207.27  205.94  204.62  203.30  201.98  200.66  200.00
   32.50  215.12  213.61  211.25  209.92  208.59  207.26  205.94  204.62  203.30  201.98  200.66  200.00
   35.00  215.26  213.70  211.26  209.92  208.59  207.27  205.94  204.62  203.30  201.98  200.66  200.00
   37.50  215.27  213.71  211.27  209.93  208.60  207.27  205.95  204.62  203.30  201.98  200.66  200.00
   40.00  215.30  213.73  211.28  209.93  208.60  207.27  205.95  204.62  203.30  201.98  200.66  200.00
   42.50  215.41  213.81  211.29  209.92  208.60  207.27  205.94  204.62  203.30  201.98  200.66  200.00
   45.00  215.53  213.90  211.30  209.92  208.59  207.27  205.94  204.62  203.30  201.98  200.66  200.00
   47.50  215.66  214.00  211.31  209.92  208.59  207.27  205.94  204.62  203.30  201.98  200.66  200.00
   50.00  215.74  214.07  211.33  209.92  208.59  207.27  205.94  204.62  203.30  201.98  200.66  200.00
   52.50  215.82  214.15  211.35  209.92  208.59  207.27  205.94  204.62  203.30  201.98  200.66  200.00
   55.00  215.91  214.23  211.37  209.92  208.59  207.27  205.94  204.62  203.30  201.98  200.66  200.00
   57.50  215.99  214.31  211.40  209.92  208.59  207.27  205.94  204.62  203.30  201.98  200.66  200.00
   60.00  216.06  214.38  211.43  209.92  208.59  207.27  205.94  204.62  203.30  201.98  200.66  200.00
   62.50  216.05  214.40  211.46  209.93  208.60  207.27  205.94  204.62  203.30  201.98  200.66  200.00
   65.00  215.99  214.39  211.51  209.93  208.60  207.27  205.94  204.62  203.30  201.98  200.66  200.00
   67.50  215.95  214.39  211.57  209.93  208.60  207.27  205.94  204.62  203.30  201.98  200.66  200.00
   70.00  215.94  214.41  211.64  209.93  208.59  207.27  205.94  204.62  203.30  201.98  200.66  200.00
   72.50  215.96  214.47  211.73  209.92  208.59  207.27  205.94  204.62  203.30  201.98  200.66  200.00
   75.00  216.02  214.55  211.84  209.92  208.59  207.26  205.94  204.62  203.30  201.98  200.66  200.00
   77.50  216.10  214.65  211.97  209.92  208.59  207.26  205.94  204.62  203.30  201.98  200.66  200.00
   80.00  216.20  214.78  212.12  209.92  208.59  207.26  205.94  204.62  203.30  201.98  200.66  200.00
   82.50  216.34  214.94  212.30  209.92  208.58  207.26  205.94  204.61  203.29  201.98  200.66  200.00
   85.00  216.37  214.99  212.37  209.93  208.59  207.27  205.94  204.62  203.30  201.98  200.66  200.00
   87.50  216.36  214.99  212.38  209.95  208.60  207.27  205.94  204.62  203.30  201.98  200.66  200.00
   90.00  216.38  215.01  212.39  209.95  208.60  207.27  205.95  204.62  203.30  201.98  200.66  200.00
   92.50  216.43  215.06  212.44  209.96  208.59  207.27  205.94  204.62  203.30  201.98  200.66  200.00
   95.00  216.50  215.14  212.52  209.97  208.59  207.27  205.94  204.62  203.30  201.98  200.66  200.00
   97.50  216.59  215.22  212.60  209.98  208.59  207.26  205.94  204.62  203.30  201.98  200.66  200.00
  100.00  216.68  215.31  212.69  209.99  208.59  207.26  205.94  204.62  203.30  201.98  200.66  200.00
  102.50  216.75  215.39  212.77  210.01  208.59  207.26  205.94  204.62  203.30  201.98  200.66  200.00
  105.00  216.82  215.46  212.84  210.03  208.59  207.27  205.94  204.62  203.30  201.98  200.66  200.00
  107.50  216.89  215.53  212.91  210.05  208.59  207.27  205.94  204.62  203.30  201.98  200.66  200.00
  110.00  216.95  215.59  212.98  210.08  208.59  207.27  205.94  204.62  203.30  201.98  200.66  200.00
  112.50  217.02  215.66  213.05  210.11  208.59  207.27  205.94  204.62  203.30  201.98  200.66  200.00
  115.00  217.08  215.73  213.12  210.14  208.59  207.26  205.94  204.62  203.30  201.98  200.66  200.00
  117.50  217.16  215.81  213.20  210.19  208.59  207.26  205.94  204.62  203.30  201.98  200.66  200.00
  120.00  217.19  215.84  213.22  210.25  208.60  207.27  205.94  204.62  203.30  201.98  200.66  200.00
  122.50  217.21  215.86  213.25  210.32  208.60  207.27  205.94  204.62  203.30  201.98  200.66  200.00
  125.00  217.26  215.91  213.30  210.41  208.59  207.26  205.94  204.62  203.30  201.98  200.66  200.00
  127.50  217.33  215.98  213.37  210.51  208.59  207.26  205.94  204.62  203.30  201.98  200.66  200.00
  130.00  217.42  216.07  213.46  210.63  208.59  207.26  205.94  204.61  203.29  201.98  200.66  200.00
  132.50  217.53  216.18  213.58  210.77  208.59  207.26  205.93  204.61  203.29  201.97  200.66  200.00
  135.00  217.66  216.32  213.71  210.94  208.59  207.26  205.93  204.61  203.29  201.97  200.66  200.00
  137.50  217.74  216.40  213.79  211.03  208.60  207.26  205.94  204.62  203.29  201.98  200.66  200.00
  140.00  217.74  216.40  213.80  211.05  208.62  207.27  205.94  204.62  203.30  201.98  200.66  200.00
  142.50  217.74  216.39  213.79  211.06  208.62  207.27  205.95  204.62  203.30  201.98  200.66  200.00
  145.00  217.75  216.40  213.81  211.09  208.63  207.27  205.94  204.62  203.30  201.98  200.66  200.00
  147.50  217.80  216.45  213.85  211.16  208.64  207.27  205.94  204.62  203.30  201.98  200.66  200.00
  150.00  217.85  216.51  213.92  211.23  208.65  207.26  205.94  204.62  203.30  201.98  200.66  200.00
  152.50  217.92  216.58  213.99  211.32  208.66  207.26  205.94  204.62  203.30  201.98  200.66  200.00
  155.00  218.01  216.66  214.07  211.41  208.67  207.26  205.94  204.62  203.29  201.98  200.66  200.00
  157.50  218.08  216.73  214.14  211.48  208.69  207.26  205.94  204.62  203.30  201.98  200.66  200.00
  160.00  218.15  216.81  214.21  211.55  208.71  207.26  205.94  204.62  203.30  201.98  200.66  200.00
  162.50  218.21  216.87  214.27  211.61  208.74  207.26  205.94  204.62  203.30  201.98  200.66  200.00
  165.00  218.28  216.93  214.33  211.67  208.77  207.26  205.94  204.62  203.30  201.98  200.66  200.00
  167.50  218.34  217.00  214.40  211.74  208.80  207.26  205.94  204.62  203.30  201.98  200.66  200.00
  170.00  218.42  217.08  214.47  211.81  208.84  207.26  205.94  204.62  203.29  201.98  200.66  200.00
  172.50  218.50  217.16  214.55  211.89  208.89  207.26  205.94  204.61  203.29  201.98  200.66  200.00
  175.00  218.55  217.22  214.61  211.95  208.95  207.26  205.94  204.62  203.29  201.98  200.66  200.00
  177.50  218.60  217.26  214.65  211.99  209.03  207.27  205.94  204.62  203.30  201.98  200.66  200.00
  180.00  218.65  217.32  214.70  212.05  209.12  207.27  205.94  204.61  203.29  201.98  200.66  200.00
  182.50  218.73  217.39  214.78  212.13  209.23  207.27  205.93  204.61  203.29  201.97  200.66  200.00
  185.00  218.83  217.49  214.88  212.23  209.35  207.26  205.93  204.61  203.29  201.97  200.66  200.00
  187.50  218.94  217.61  214.99  212.35  209.50  207.26  205.93  204.61  203.29  201.97  200.66  200.00
  190.00  219.08  217.75  215.13  212.49  209.66  207.26  205.93  204.61  203.29  201.97  200.66  200.00
  192.50  219.12  217.79  215.17  212.53  209.71  207.28  205.94  204.62  203.30  201.98  200.66  200.00
  195.00  219.12  217.79  215.17  212.52  209.72  207.29  205.94  204.62  203.30  201.98  200.66  200.00
  197.50  219.12  217.78  215.16  212.52  209.73  207.30  205.94  204.62  203.30  201.98  200.66  200.00
  200.00  219.14  217.81  215.18  212.54  209.77  207.30  205.94  204.62  203.30  201.98  200.66  200.00
  202.50  219.19  217.85  215.23  212.60  209.84  207.31  205.94  204.62  203.30  201.98  200.66  200.00
  205.00  219.25  217.91  215.29  212.66  209.92  207.32  205.94  204.62  203.29  201.98  200.66  200.00
  207.50  219.32  217.98  215.36  212.73  210.00  207.33  205.94  204.61  203.29  201.98  200.66  200.00
  210.00  219.39  218.06  215.43  212.80  210.09  207.35  205.94  204.61  203.29  201.97  200.66  200.00
  212.50  219.45  218.12  215.49  212.86  210.16  207.37  205.94  204.61  203.29  201.98  200.66  200.00
  215.00  219.51  218.17  215.55  212.92  210.23  207.39  205.94  204.61  203.29  201.98  200.66  200.00
  217.50  219.56  218.22  215.60  212.97  210.29  207.42  205.94  204.62  203.29  201.98  200.66  200.00
  220.00  219.61  218.28  215.66  213.03  210.35  207.44  205.94  204.61  203.29  201.98  200.66  200.00
  222.50  219.68  218.35  215.72  213.09  210.41  207.47  205.94  204.61  203.29  201.98  200.66  200.00
  225.00  219.75  218.42  215.79  213.16  210.49  207.52  205.94  204.61  203.29  201.97  200.66  200.00
  227.50  219.83  218.50  215.87  213.24  210.57  207.57  205.94  204.61  203.29  201.97  200.66  200.00
  230.00  219.91  218.58  215.95  213.33  210.65  207.62  205.94  204.61  203.29  201.97  200.66  200.00
  232.50  219.96  218.63  216.00  213.37  210.70  207.71  205.94  204.61  203.29  201.98  200.66  200.00
  235.00  220.02  218.69  216.06  213.43  210.76  207.80  205.94  204.61  203.29  201.97  200.66  200.00
  237.50  220.09  218.76  216.13  213.51  210.84  207.91  205.94  204.61  203.29  201.97  200.66  200.00
  240.00  220.19  218.86  216.23  213.60  210.94  208.03  205.94  204.61  203.29  201.97  200.66  200.00
  242.50  220.30  218.97  216.34  213.72  211.05  208.18  205.94  204.61  203.29  201.97  200.66  200.00
  245.00  220.44  219.11  216.48  213.86  211.19  208.34  205.94  204.60  203.29  201.97  200.66  200.00
  247.50  220.48  219.15  216.52  213.89  211.23  208.38  205.95  204.62  203.29  201.98  200.66  200.00
  250.00  220.48  219.15  216.51  213.89  211.23  208.39  205.97  204.62  203.30  201.98  200.66  200.00
  252.50  220.47  219.15  216.51  213.89  211.22  208.41  205.97  204.62  203.30  201.98  200.66  200.00
  255.00  220.49  219.17  216.53  213.91  211.25  208.44  205.98  204.62  203.30  201.98  200.66  200.00
  257.50  220.54  219.21  216.57  213.96  211.30  208.51  205.99  204.61  203.29  201.98  200.66  200.00
  260.00  220.60  219.27  216.63  214.01  211.36  208.58  206.00  204.61  203.29  201.97  200.66  200.00
  262.50  220.66  219.34  216.70  214.08  211.42  208.66  206.01  204.61  203.29  201.97  200.66  200.00
  265.00  220.74  219.41  216.77  214.15  211.50  208.75  206.02  204.61  203.29  201.97  200.66  200.00
  267.50  220.80  219.47  216.83  214.21  211.56  208.82  206.04  204.61  203.29  201.97  200.66  200.00
  270.00  220.85  219.53  216.89  214.27  211.62  208.89  206.06  204.61  203.29  201.97  200.66  200.00
  272.50  220.90  219.58  216.94  214.31  211.67  208.95  206.09  204.61  203.29  201.98  200.66  200.00
  275.00  220.95  219.63  216.99  214.36  211.72  209.01  206.12  204.61  203.29  201.97  200.66  200.00
  277.50  221.01  219.68  217.04  214.42  211.77  209.08  206.15  204.61  203.29  201.97  200.66  200.00
  280.00  221.07  219.74  217.11  214.48  211.84  209.15  206.19  204.61  203.29  201.97  200.66  200.00
  282.50  221.14  219.82  217.18  214.55  211.91  209.23  206.24  204.61  203.29  201.97  200.66  200.00
  285.00  221.22  219.90  217.26  214.64  211.99  209.31  206.29  204.61  203.29  201.97  200.66  200.00
  287.50  221.29  219.97  217.33  214.70  212.06  209.38  206.37  204.62  203.29  201.97  200.66  200.00
  290.00  221.36  220.03  217.40  214.77  212.13  209.44  206.47  204.62  203.29  201.97  200.66  200.00
  292.50  221.43  220.11  217.47  214.84  212.20  209.52  206.57  204.62  203.29  201.97  200.66  200.00
  295.00  221.52  220.20  217.56  214.93  212.29  209.61  206.69  204.62  203.29  201.97  200.66  200.00
  297.50  221.63  220.31  217.67  215.04  212.40  209.72  206.83  204.62  203.29  201.97  200.66  200.00
  300.00  221.76  220.44  217.80  215.17  212.54  209.86  206.99  204.62  203.29  201.97  200.66  200.00
  302.50  221.82  220.50  217.86  215.23  212.59  209.91  207.05  204.63  203.29  201.97  200.66  200.00
  305.00  221.83  220.51  217.87  215.24  212.60  209.92  207.07  204.64  203.30  201.98  200.66  200.00
  307.50  221.83  220.50  217.87  215.23  212.59  209.92  207.08  204.65  203.30  201.98  200.66  200.00
  310.00  221.84  220.52  217.88  215.24  212.61  209.93  207.11  204.65  203.30  201.98  200.66  200.00
  312.50  221.88  220.56  217.92  215.29  212.65  209.98  207.17  204.66  203.29  201.98  200.66  200.00
  315.00  221.93  220.61  217.98  215.34  212.71  210.04  207.24  204.67  203.29  201.97  200.66  200.00
  317.50  222.00  220.67  218.04  215.40  212.77  210.10  207.32  204.68  203.29  201.97  200.66  200.00
  320.00  222.07  220.74  218.11  215.47  212.84  210.17  207.41  204.70  203.29  201.97  200.66  200.00
  322.50  222.13  220.81  218.17  215.54  212.90  210.24  207.48  204.72  203.29  201.97  200.66  200.00
  325.00  222.19  220.87  218.23  215.59  212.96  210.30  207.55  204.74  203.29  201.97  200.66  200.00
  327.50  222.24  220.92  218.28  215.64  213.01  210.35  207.61  204.76  203.29  201.97  200.66  200.00
  330.00  222.29  220.97  218.33  215.69  213.06  210.40  207.67  204.79  203.29  201.97  200.66  200.00
  332.50  222.34  221.02  218.38  215.74  213.11  210.45  207.74  204.82  203.29  201.97  200.66  200.00
  335.00  222.40  221.08  218.44  215.80  213.17  210.51  207.80  204.85  203.29  201.97  200.66  200.00
  337.50  222.46  221.14  218.51  215.87  213.24  210.58  207.88  204.90  203.29  201.97  200.66  200.00
  340.00  222.53  221.21  218.58  215.94  213.31  210.65  207.96  204.96  203.29  201.97  200.66  200.00
  342.50  222.62  221.30  218.66  216.02  213.39  210.74  208.05  205.02  203.29  201.97  200.66  200.00
  345.00  222.68  221.36  218.73  216.08  213.45  210.80  208.11  205.12  203.30  201.97  200.66  200.00
  347.50  222.75  221.43  218.79  216.15  213.52  210.87  208.18  205.22  203.30  201.97  200.66  200.00
  350.00  222.83  221.51  218.88  216.24  213.61  210.96  208.27  205.34  203.30  201.97  200.66  200.00
  352.50  222.93  221.61  218.98  216.34  213.71  211.06  208.38  205.47  203.30  201.97  200.66  200.00
  355.00  223.06  221.74  219.10  216.46  213.84  211.19  208.51  205.62  203.30  201.97  200.66  200.00
  357.50  223.15  221.83  219.20  216.55  213.93  211.28  208.60  205.72  203.30  201.97  200.66  200.00
  360.00  223.17  221.85  219.22  216.57  213.94  211.29  208.60  205.74  203.32  201.98  200.66  200.00
  362.50  223.17  221.85  219.22  216.57  213.94  211.29  208.60  205.75  203.32  201.98  200.66  200.00
  365.00  223.17  221.85  219.22  216.57  213.94  211.29  208.61  205.77  203.33  201.98  200.66  200.00
  367.50  223.21  221.89  219.25  216.61  213.98  211.33  208.65  205.83  203.34  201.97  200.66  200.00
  370.00  223.26  221.94  219.30  216.66  214.03  211.38  208.70  205.89  203.35  201.97  200.66  200.00
  372.50  223.32  222.00  219.36  216.72  214.09  211.44  208.77  205.97  203.36  201.97  200.66  200.00
  375.00  223.38  222.06  219.43  216.79  214.15  211.51  208.84  206.05  203.37  201.97  200.66  200.00
  377.50  223.45  222.13  219.50  216.86  214.22  211.58  208.91  206.14  203.39  201.97  200.66  200.00
  380.00  223.51  222.19  219.56  216.92  214.28  211.64  208.97  206.20  203.41  201.97  200.66  200.00
  382.50  223.56  222.24  219.61  216.97  214.33  211.69  209.02  206.27  203.43  201.97  200.66  200.00
  385.00  223.61  222.29  219.66  217.02  214.38  211.74  209.07  206.33  203.46  201.97  200.66  200.00
  387.50  223.66  222.34  219.71  217.07  214.43  211.79  209.12  206.39  203.49  201.98  200.66  200.00
  390.00  223.72  222.40  219.76  217.12  214.49  211.85  209.18  206.45  203.52  201.98  200.66  200.00
  392.50  223.78  222.46  219.83  217.19  214.55  211.91  209.25  206.53  203.57  201.98  200.66  200.00
  395.00  223.85  222.53  219.90  217.26  214.62  211.98  209.32  206.61  203.62  201.98  200.66  200.00
  397.50  223.92  222.60  219.97  217.33  214.69  212.06  209.39  206.69  203.68  201.98  200.66  200.00
  400.00  224.00  222.68  220.04  217.40  214.77  212.13  209.47  206.78  203.76  201.98  200.66  200.00
