 TIME AND WATER SATURATIONS
   TIME   SW( 1)  SW( 2)  SW( 3)  SW( 4)  SW( 5)  SW( 6)  SW( 7)  SW( 8)  SW( 9)  SW(10)
      X=    5.00   15.00   25.00   35.00   45.00   55.00   65.00   75.00   85.00   95.00
    0.00  0.2000  0.2000  0.2000  0.2000  0.2000  0.2000  0.2000  0.2000  0.2000  0.2000
    2.50  0.2248  0.1999  0.1999  0.1999  0.1999  0.1999  0.1999  0.2000  0.2000  0.2000
    5.00  0.2497  0.1998  0.1998  0.1999  0.1999  0.1999  0.1999  0.1999  0.2000  0.2000
    7.50  0.2746  0.1999  0.1998  0.1999  0.1999  0.1999  0.1999  0.1999  0.2000  0.2000
   10.00  0.2995  0.2000  0.1998  0.1998  0.1999  0.1999  0.1999  0.1999  0.2000  0.2000
   12.50  0.3243  0.2002  0.1998  0.1998  0.1999  0.1999  0.1999  0.1999  0.2000  0.2000
   15.00  0.3489  0.2005  0.1998  0.1998  0.1999  0.1999  0.1999  0.1999  0.2000  0.2000
   17.50  0.3735  0.2010  0.1998  0.1998  0.1999  0.1999  0.1999  0.1999  0.2000  0.2000
   20.00  0.3978  0.2016  0.1998  0.1998  0.1999  0.1999  0.1999  0.1999  0.2000  0.2000
   22.50  0.4219  0.2025  0.1998  0.1998  0.1999  0.1999  0.1999  0.1999  0.2000  0.2000
   25.00  0.4457  0.2037  0.1998  0.1998  0.1999  0.1999  0.1999  0.1999  0.2000  0.2000
   27.50  0.4692  0.2052  0.1998  0.1998  0.1999  0.1999  0.1999  0.1999  0.2000  0.2000
   30.00  0.4921  0.2072  0.1998  0.1998  0.1999  0.1999  0.1999  0.1999  0.2000  0.2000
   32.50  0.5145  0.2098  0.1999  0.1998  0.1999  0.1999  0.1999  0.1999  0.2000  0.2000
   35.00  0.5352  0.2140  0.1999  0.1998  0.1999  0.1999  0.1999  0.1999  0.2000  0.2000
   37.50  0.5540  0.2203  0.1999  0.1998  0.1999  0.1999  0.1999  0.1999  0.2000  0.2000
   40.00  0.5708  0.2284  0.1999  0.1998  0.1999  0.1999  0.1999  0.1999  0.2000  0.2000
   42.50  0.5856  0.2386  0.2000  0.1998  0.1999  0.1999  0.1999  0.1999  0.2000  0.2000
   45.00  0.5986  0.2505  0.2000  0.1998  0.1999  0.1999  0.1999  0.1999  0.2000  0.2000
   47.50  0.6099  0.2640  0.2001  0.1998  0.1999  0.1999  0.1999  0.1999  0.2000  0.2000
   50.00  0.6203  0.2785  0.2002  0.1998  0.1999  0.1999  0.1999  0.1999  0.2000  0.2000
   52.50  0.6299  0.2938  0.2004  0.1998  0.1999  0.1999  0.1999  0.1999  0.2000  0.2000
   55.00  0.6387  0.3098  0.2005  0.1998  0.1999  0.1999  0.1999  0.1999  0.2000  0.2000
   57.50  0.6468  0.3264  0.2008  0.1998  0.1999  0.1999  0.1999  0.1999  0.2000  0.2000
   60.00  0.6541  0.3438  0.2011  0.1998  0.1999  0.1999  0.1999  0.1999  0.2000  0.2000
   62.50  0.6608  0.3617  0.2015  0.1999  0.1999  0.1999  0.1999  0.1999  0.2000  0.2000
   65.00  0.6668  0.3801  0.2020  0.1999  0.1999  0.1999  0.1999  0.1999  0.2000  0.2000
   67.50  0.6724  0.3988  0.2028  0.1999  0.1999  0.1999  0.1999  0.1999  0.2000  0.2000
   70.00  0.6775  0.4177  0.2037  0.1999  0.1999  0.1999  0.1999  0.1999  0.2000  0.2000
   72.50  0.6822  0.4369  0.2048  0.1999  0.1999  0.1999  0.1999  0.1999  0.2000  0.2000
   75.00  0.6865  0.4562  0.2061  0.1999  0.1999  0.1999  0.1999  0.1999  0.2000  0.2000
   77.50  0.6906  0.4754  0.2078  0.1999  0.1999  0.1999  0.1999  0.1999  0.2000  0.2000
   80.00  0.6943  0.4945  0.2100  0.1999  0.1999  0.1999  0.1999  0.1999  0.2000  0.2000
   82.50  0.6978  0.5133  0.2126  0.1999  0.1999  0.1999  0.1999  0.1999  0.2000  0.2000
   85.00  0.7010  0.5309  0.2167  0.1999  0.1999  0.1999  0.1999  0.1999  0.2000  0.2000
   87.50  0.7041  0.5470  0.2225  0.1999  0.1999  0.1999  0.1999  0.1999  0.2000  0.2000
   90.00  0.7070  0.5617  0.2299  0.2000  0.1999  0.1999  0.1999  0.1999  0.2000  0.2000
   92.50  0.7098  0.5749  0.2388  0.2000  0.1999  0.1999  0.1999  0.1999  0.2000  0.2000
   95.00  0.7125  0.5866  0.2493  0.2001  0.1999  0.1999  0.1999  0.1999  0.2000  0.2000
   97.50  0.7151  0.5970  0.2613  0.2002  0.1999  0.1999  0.1999  0.1999  0.2000  0.2000
  100.00  0.7176  0.6062  0.2744  0.2003  0.1999  0.1999  0.1999  0.1999  0.2000  0.2000
  102.50  0.7200  0.6146  0.2884  0.2004  0.1999  0.1999  0.1999  0.1999  0.2000  0.2000
  105.00  0.7222  0.6226  0.3031  0.2006  0.1999  0.1999  0.1999  0.1999  0.2000  0.2000
  107.50  0.7244  0.6300  0.3182  0.2008  0.1999  0.1999  0.1999  0.1999  0.2000  0.2000
  110.00  0.7265  0.6368  0.3340  0.2010  0.1999  0.1999  0.1999  0.1999  0.2000  0.2000
  112.50  0.7285  0.6432  0.3503  0.2014  0.1999  0.1999  0.1999  0.1999  0.2000  0.2000
  115.00  0.7304  0.6490  0.3670  0.2018  0.1999  0.1999  0.1999  0.1999  0.2000  0.2000
  117.50  0.7323  0.6544  0.3842  0.2024  0.1999  0.1999  0.1999  0.1999  0.2000  0.2000
  120.00  0.7340  0.6594  0.4017  0.2032  0.1999  0.1999  0.1999  0.1999  0.2000  0.2000
  122.50  0.7357  0.6640  0.4194  0.2041  0.1999  0.1999  0.1999  0.1999  0.2000  0.2000
  125.00  0.7373  0.6683  0.4374  0.2053  0.1999  0.1999  0.1999  0.1999  0.2000  0.2000
  127.50  0.7389  0.6722  0.4554  0.2066  0.1999  0.1999  0.1999  0.1999  0.2000  0.2000
  130.00  0.7404  0.6760  0.4735  0.2083  0.1999  0.1999  0.1999  0.1999  0.2000  0.2000
  132.50  0.7418  0.6795  0.4915  0.2104  0.1999  0.1999  0.1999  0.1999  0.2000  0.2000
  135.00  0.7432  0.6828  0.5092  0.2129  0.1999  0.1999  0.1999  0.1999  0.2000  0.2000
  137.50  0.7445  0.6859  0.5261  0.2166  0.2000  0.1999  0.1999  0.1999  0.2000  0.2000
  140.00  0.7457  0.6888  0.5415  0.2220  0.2000  0.1999  0.1999  0.1999  0.2000  0.2000
  142.50  0.7469  0.6915  0.5557  0.2288  0.2000  0.1999  0.1999  0.1999  0.2000  0.2000
  145.00  0.7481  0.6941  0.5686  0.2370  0.2001  0.1999  0.1999  0.1999  0.2000  0.2000
  147.50  0.7492  0.6966  0.5802  0.2468  0.2001  0.1999  0.1999  0.1999  0.2000  0.2000
  150.00  0.7502  0.6990  0.5906  0.2579  0.2002  0.1999  0.1999  0.1999  0.2000  0.2000
  152.50  0.7512  0.7012  0.5999  0.2702  0.2003  0.1999  0.1999  0.1999  0.2000  0.2000
  155.00  0.7522  0.7033  0.6082  0.2837  0.2004  0.1999  0.1999  0.1999  0.2000  0.2000
  157.50  0.7532  0.7053  0.6159  0.2978  0.2006  0.1999  0.1999  0.1999  0.2000  0.2000
  160.00  0.7542  0.7073  0.6232  0.3124  0.2007  0.1999  0.1999  0.1999  0.2000  0.2000
  162.50  0.7551  0.7092  0.6299  0.3275  0.2010  0.1999  0.1999  0.1999  0.2000  0.2000
  165.00  0.7560  0.7110  0.6361  0.3432  0.2013  0.1999  0.1999  0.1999  0.2000  0.2000
  167.50  0.7569  0.7128  0.6419  0.3593  0.2017  0.1999  0.1999  0.1999  0.2000  0.2000
  170.00  0.7578  0.7146  0.6472  0.3758  0.2022  0.1999  0.1999  0.1999  0.2000  0.2000
  172.50  0.7587  0.7162  0.6521  0.3927  0.2029  0.1999  0.1999  0.1999  0.2000  0.2000
  175.00  0.7595  0.7178  0.6566  0.4098  0.2038  0.1999  0.1999  0.1999  0.2000  0.2000
  177.50  0.7604  0.7194  0.6608  0.4272  0.2048  0.1999  0.1999  0.1999  0.2000  0.2000
  180.00  0.7612  0.7209  0.6647  0.4447  0.2060  0.1999  0.1999  0.1999  0.2000  0.2000
  182.50  0.7620  0.7224  0.6683  0.4623  0.2075  0.1999  0.1999  0.1999  0.2000  0.2000
  185.00  0.7628  0.7238  0.6717  0.4799  0.2093  0.1999  0.1999  0.1999  0.2000  0.2000
  187.50  0.7636  0.7252  0.6748  0.4973  0.2115  0.2000  0.1999  0.1999  0.2000  0.2000
  190.00  0.7643  0.7265  0.6778  0.5144  0.2143  0.2000  0.1999  0.1999  0.2000  0.2000
  192.50  0.7650  0.7278  0.6806  0.5304  0.2185  0.2000  0.1999  0.1999  0.2000  0.2000
  195.00  0.7658  0.7291  0.6832  0.5450  0.2242  0.2000  0.1999  0.1999  0.2000  0.2000
  197.50  0.7665  0.7303  0.6857  0.5584  0.2313  0.2001  0.1999  0.1999  0.2000  0.2000
  200.00  0.7672  0.7314  0.6881  0.5706  0.2399  0.2001  0.1999  0.1999  0.2000  0.2000
  202.50  0.7678  0.7326  0.6903  0.5815  0.2498  0.2002  0.1999  0.1999  0.2000  0.2000
  205.00  0.7685  0.7337  0.6924  0.5913  0.2611  0.2002  0.1999  0.1999  0.2000  0.2000
  207.50  0.7692  0.7347  0.6944  0.6000  0.2734  0.2003  0.1999  0.1999  0.2000  0.2000
  210.00  0.7698  0.7358  0.6964  0.6078  0.2869  0.2005  0.1999  0.1999  0.2000  0.2000
  212.50  0.7704  0.7368  0.6982  0.6152  0.3009  0.2006  0.1999  0.1999  0.2000  0.2000
  215.00  0.7710  0.7378  0.6999  0.6222  0.3154  0.2008  0.1999  0.1999  0.2000  0.2000
  217.50  0.7716  0.7387  0.7015  0.6286  0.3304  0.2011  0.1999  0.1999  0.2000  0.2000
  220.00  0.7722  0.7396  0.7031  0.6347  0.3459  0.2014  0.1999  0.1999  0.2000  0.2000
  222.50  0.7728  0.7405  0.7047  0.6402  0.3619  0.2018  0.1999  0.1999  0.2000  0.2000
  225.00  0.7734  0.7414  0.7063  0.6453  0.3782  0.2024  0.1999  0.1999  0.2000  0.2000
  227.50  0.7739  0.7422  0.7078  0.6501  0.3948  0.2031  0.1999  0.1999  0.2000  0.2000
  230.00  0.7745  0.7430  0.7093  0.6544  0.4117  0.2039  0.1999  0.1999  0.2000  0.2000
  232.50  0.7750  0.7438  0.7107  0.6584  0.4289  0.2050  0.1999  0.1999  0.2000  0.2000
  235.00  0.7755  0.7446  0.7122  0.6621  0.4461  0.2062  0.1999  0.1999  0.2000  0.2000
  237.50  0.7760  0.7454  0.7136  0.6656  0.4635  0.2077  0.2000  0.1999  0.2000  0.2000
  240.00  0.7765  0.7461  0.7149  0.6688  0.4807  0.2096  0.2000  0.1999  0.2000  0.2000
  242.50  0.7770  0.7468  0.7163  0.6719  0.4979  0.2118  0.2000  0.1999  0.2000  0.2000
  245.00  0.7775  0.7475  0.7176  0.6747  0.5147  0.2146  0.2000  0.1999  0.2000  0.2000
  247.50  0.7780  0.7482  0.7189  0.6774  0.5304  0.2188  0.2000  0.1999  0.2000  0.2000
  250.00  0.7784  0.7488  0.7201  0.6799  0.5447  0.2245  0.2000  0.1999  0.2000  0.2000
  252.50  0.7789  0.7495  0.7214  0.6823  0.5579  0.2316  0.2001  0.1999  0.2000  0.2000
  255.00  0.7793  0.7501  0.7226  0.6845  0.5698  0.2401  0.2001  0.1999  0.2000  0.2000
  257.50  0.7797  0.7507  0.7237  0.6866  0.5806  0.2499  0.2002  0.1999  0.2000  0.2000
  260.00  0.7802  0.7513  0.7249  0.6887  0.5902  0.2611  0.2003  0.1999  0.2000  0.2000
  262.50  0.7806  0.7519  0.7260  0.6906  0.5988  0.2733  0.2004  0.1999  0.2000  0.2000
  265.00  0.7810  0.7525  0.7270  0.6924  0.6065  0.2866  0.2005  0.1999  0.2000  0.2000
  267.50  0.7814  0.7531  0.7281  0.6941  0.6137  0.3004  0.2007  0.1999  0.2000  0.2000
  270.00  0.7818  0.7536  0.7290  0.6958  0.6204  0.3148  0.2009  0.1999  0.2000  0.2000
  272.50  0.7821  0.7542  0.7300  0.6974  0.6268  0.3296  0.2011  0.1999  0.2000  0.2000
  275.00  0.7825  0.7548  0.7309  0.6989  0.6327  0.3450  0.2014  0.1999  0.2000  0.2000
  277.50  0.7829  0.7554  0.7319  0.7003  0.6382  0.3607  0.2019  0.1999  0.2000  0.2000
  280.00  0.7832  0.7560  0.7327  0.7017  0.6433  0.3769  0.2024  0.2000  0.2000  0.2000
  282.50  0.7836  0.7565  0.7336  0.7030  0.6480  0.3933  0.2031  0.2000  0.2000  0.2000
  285.00  0.7839  0.7571  0.7344  0.7044  0.6524  0.4100  0.2039  0.2000  0.2000  0.2000
  287.50  0.7843  0.7576  0.7352  0.7057  0.6564  0.4270  0.2049  0.2000  0.2000  0.2000
  290.00  0.7846  0.7582  0.7360  0.7070  0.6601  0.4441  0.2062  0.2000  0.2000  0.2000
  292.50  0.7849  0.7587  0.7368  0.7082  0.6635  0.4612  0.2076  0.2000  0.2000  0.2000
  295.00  0.7852  0.7593  0.7375  0.7095  0.6667  0.4784  0.2094  0.2000  0.2000  0.2000
  297.50  0.7855  0.7598  0.7382  0.7107  0.6696  0.4953  0.2116  0.2000  0.2000  0.2000
  300.00  0.7858  0.7604  0.7389  0.7119  0.6724  0.5121  0.2143  0.2000  0.2000  0.2000
  302.50  0.7861  0.7609  0.7396  0.7131  0.6750  0.5278  0.2182  0.2000  0.2000  0.2000
  305.00  0.7864  0.7614  0.7403  0.7142  0.6775  0.5422  0.2237  0.2001  0.2000  0.2000
  307.50  0.7867  0.7619  0.7409  0.7154  0.6798  0.5554  0.2306  0.2001  0.2000  0.2000
  310.00  0.7870  0.7625  0.7415  0.7165  0.6820  0.5674  0.2387  0.2001  0.2000  0.2000
  312.50  0.7872  0.7630  0.7422  0.7175  0.6841  0.5782  0.2483  0.2002  0.2000  0.2000
  315.00  0.7875  0.7635  0.7428  0.7186  0.6860  0.5879  0.2591  0.2003  0.2000  0.2000
  317.50  0.7878  0.7640  0.7433  0.7196  0.6879  0.5966  0.2711  0.2004  0.2000  0.2000
  320.00  0.7880  0.7645  0.7439  0.7207  0.6896  0.6043  0.2841  0.2005  0.2000  0.2000
  322.50  0.7883  0.7650  0.7445  0.7217  0.6913  0.6115  0.2978  0.2007  0.2000  0.2000
  325.00  0.7885  0.7654  0.7450  0.7227  0.6929  0.6182  0.3120  0.2008  0.2000  0.2000
  327.50  0.7888  0.7659  0.7455  0.7236  0.6944  0.6246  0.3266  0.2011  0.2000  0.2000
  330.00  0.7890  0.7664  0.7461  0.7246  0.6958  0.6304  0.3418  0.2014  0.2000  0.2000
  332.50  0.7892  0.7669  0.7466  0.7255  0.6972  0.6359  0.3573  0.2018  0.2000  0.2000
  335.00  0.7894  0.7673  0.7471  0.7264  0.6985  0.6411  0.3733  0.2023  0.2000  0.2000
  337.50  0.7897  0.7678  0.7475  0.7273  0.6998  0.6458  0.3895  0.2030  0.2000  0.2000
  340.00  0.7899  0.7683  0.7480  0.7281  0.7010  0.6502  0.4061  0.2038  0.2000  0.2000
  342.50  0.7901  0.7687  0.7485  0.7290  0.7022  0.6542  0.4228  0.2047  0.2000  0.2000
  345.00  0.7903  0.7692  0.7489  0.7298  0.7034  0.6580  0.4398  0.2059  0.2000  0.2000
  347.50  0.7905  0.7696  0.7494  0.7306  0.7045  0.6614  0.4568  0.2073  0.2000  0.2000
  350.00  0.7907  0.7700  0.7498  0.7314  0.7057  0.6646  0.4738  0.2090  0.2000  0.2000
  352.50  0.7909  0.7705  0.7502  0.7322  0.7068  0.6676  0.4907  0.2111  0.2000  0.2000
  355.00  0.7911  0.7709  0.7507  0.7330  0.7079  0.6704  0.5074  0.2136  0.2000  0.2000
  357.50  0.7913  0.7713  0.7511  0.7337  0.7090  0.6730  0.5234  0.2171  0.2001  0.2000
  360.00  0.7915  0.7717  0.7515  0.7344  0.7101  0.6754  0.5380  0.2222  0.2001  0.2000
  362.50  0.7916  0.7722  0.7519  0.7351  0.7112  0.6777  0.5515  0.2286  0.2001  0.2000
  365.00  0.7918  0.7726  0.7523  0.7358  0.7122  0.6799  0.5638  0.2364  0.2002  0.2000
  367.50  0.7920  0.7730  0.7528  0.7364  0.7132  0.6820  0.5749  0.2455  0.2002  0.2000
  370.00  0.7921  0.7734  0.7532  0.7371  0.7143  0.6839  0.5848  0.2559  0.2003  0.2000
  372.50  0.7923  0.7738  0.7536  0.7377  0.7152  0.6857  0.5937  0.2675  0.2004  0.2000
  375.00  0.7925  0.7741  0.7540  0.7383  0.7162  0.6874  0.6016  0.2801  0.2005  0.2000
  377.50  0.7926  0.7745  0.7544  0.7389  0.7172  0.6891  0.6088  0.2936  0.2006  0.2000
  380.00  0.7928  0.7749  0.7549  0.7394  0.7181  0.6907  0.6156  0.3076  0.2008  0.2000
  382.50  0.7929  0.7753  0.7553  0.7400  0.7190  0.6921  0.6220  0.3221  0.2010  0.2000
  385.00  0.7931  0.7756  0.7557  0.7405  0.7200  0.6936  0.6279  0.3370  0.2013  0.2000
  387.50  0.7932  0.7760  0.7561  0.7410  0.7208  0.6949  0.6335  0.3524  0.2017  0.2000
  390.00  0.7934  0.7764  0.7565  0.7415  0.7217  0.6962  0.6386  0.3681  0.2022  0.2000
  392.50  0.7935  0.7767  0.7569  0.7420  0.7226  0.6974  0.6434  0.3842  0.2028  0.2000
  395.00  0.7936  0.7771  0.7574  0.7425  0.7234  0.6986  0.6479  0.4005  0.2035  0.2000
  397.50  0.7938  0.7774  0.7578  0.7430  0.7242  0.6997  0.6520  0.4171  0.2044  0.2000
  400.00  0.7939  0.7778  0.7582  0.7434  0.7250  0.7008  0.6558  0.4339  0.2055  0.2000
