 PRODUCTION/INJECTION RESULTS
   TIME   PL      QWI     PR       QOP      QWP     WC
    0.00  200.00  -25.00  200.00    0.00    0.00    0.00
    2.50  209.57  -25.00  200.00   11.19    0.00    0.00
    5.00  211.94  -25.00  200.00   15.13    0.00    0.00
    7.50  212.71  -25.00  200.00   16.26    0.00    0.00
   10.00  213.04  -25.00  200.00   16.57    0.00    0.00
   12.50  213.27  -25.00  200.00   16.65    0.00    0.00
   15.00  213.41  -25.00  200.00   16.67    0.00    0.00
   17.50  213.55  -25.00  200.00   16.68    0.00    0.00
   20.00  213.72  -25.00  200.00   16.68    0.00    0.00
   22.50  213.90  -25.00  200.00   16.68    0.00    0.00
   25.00  214.14  -25.00  200.00   16.68    0.00    0.00
   27.50  214.42  -25.00  200.00   16.67    0.00    0.00
   30.00  214.74  -25.00  200.00   16.67    0.00    0.00
   32.50  215.12  -25.00  200.00   16.67    0.00    0.00
   35.00  215.26  -25.00  200.00   16.68    0.00    0.00
   37.50  215.27  -25.00  200.00   16.68    0.00    0.00
   40.00  215.30  -25.00  200.00   16.69    0.00    0.00
   42.50  215.41  -25.00  200.00   16.68    0.00    0.00
   45.00  215.53  -25.00  200.00   16.68    0.00    0.00
   47.50  215.66  -25.00  200.00   16.68    0.00    0.00
   50.00  215.74  -25.00  200.00   16.68    0.00    0.00
   52.50  215.82  -25.00  200.00   16.68    0.00    0.00
   55.00  215.91  -25.00  200.00   16.68    0.00    0.00
   57.50  215.99  -25.00  200.00   16.68    0.00    0.00
   60.00  216.06  -25.00  200.00   16.68    0.00    0.00
   62.50  216.05  -25.00  200.00   16.68    0.00    0.00
   65.00  215.99  -25.00  200.00   16.68    0.00    0.00
   67.50  215.95  -25.00  200.00   16.68    0.00    0.00
   70.00  215.94  -25.00  200.00   16.68    0.00    0.00
   72.50  215.96  -25.00  200.00   16.67    0.00    0.00
   75.00  216.02  -25.00  200.00   16.67    0.00    0.00
   77.50  216.10  -25.00  200.00   16.67    0.00    0.00
   80.00  216.20  -25.00  200.00   16.66    0.00    0.00
   82.50  216.34  -25.00  200.00   16.66    0.00    0.00
   85.00  216.37  -25.00  200.00   16.67    0.00    0.00
   87.50  216.36  -25.00  200.00   16.68    0.00    0.00
   90.00  216.38  -25.00  200.00   16.68    0.00    0.00
   92.50  216.43  -25.00  200.00   16.68    0.00    0.00
   95.00  216.50  -25.00  200.00   16.67    0.00    0.00
   97.50  216.59  -25.00  200.00   16.67    0.00    0.00
  100.00  216.68  -25.00  200.00   16.67    0.00    0.00
  102.50  216.75  -25.00  200.00   16.67    0.00    0.00
  105.00  216.82  -25.00  200.00   16.67    0.00    0.00
  107.50  216.89  -25.00  200.00   16.67    0.00    0.00
  110.00  216.95  -25.00  200.00   16.67    0.00    0.00
  112.50  217.02  -25.00  200.00   16.67    0.00    0.00
  115.00  217.08  -25.00  200.00   16.67    0.00    0.00
  117.50  217.16  -25.00  200.00   16.67    0.00    0.00
  120.00  217.19  -25.00  200.00   16.67    0.00    0.00
  122.50  217.21  -25.00  200.00   16.68    0.00    0.00
  125.00  217.26  -25.00  200.00   16.67    0.00    0.00
  127.50  217.33  -25.00  200.00   16.66    0.00    0.00
  130.00  217.42  -25.00  200.00   16.66    0.00    0.00
  132.50  217.53  -25.00  200.00   16.65    0.00    0.00
  135.00  217.66  -25.00  200.00   16.65    0.00    0.00
  137.50  217.74  -25.00  200.00   16.66    0.00    0.00
  140.00  217.74  -25.00  200.00   16.68    0.00    0.00
  142.50  217.74  -25.00  200.00   16.68    0.00    0.00
  145.00  217.75  -25.00  200.00   16.68    0.00    0.00
  147.50  217.80  -25.00  200.00   16.67    0.00    0.00
  150.00  217.85  -25.00  200.00   16.67    0.00    0.00
  152.50  217.92  -25.00  200.00   16.66    0.00    0.00
  155.00  218.01  -25.00  200.00   16.66    0.00    0.00
  157.50  218.08  -25.00  200.00   16.66    0.00    0.00
  160.00  218.15  -25.00  200.00   16.66    0.00    0.00
  162.50  218.21  -25.00  200.00   16.67    0.00    0.00
  165.00  218.28  -25.00  200.00   16.67    0.00    0.00
  167.50  218.34  -25.00  200.00   16.66    0.00    0.00
  170.00  218.42  -25.00  200.00   16.66    0.00    0.00
  172.50  218.50  -25.00  200.00   16.66    0.00    0.00
  175.00  218.55  -25.00  200.00   16.66    0.00    0.00
  177.50  218.60  -25.00  200.00   16.67    0.00    0.00
  180.00  218.65  -25.00  200.00   16.66    0.00    0.00
  182.50  218.73  -25.00  200.00   16.66    0.00    0.00
  185.00  218.83  -25.00  200.00   16.65    0.00    0.00
  187.50  218.94  -25.00  200.00   16.64    0.00    0.00
  190.00  219.08  -25.00  200.00   16.64    0.00    0.00
  192.50  219.12  -25.00  200.00   16.66    0.00    0.00
  195.00  219.12  -25.00  200.00   16.68    0.00    0.00
  197.50  219.12  -25.00  200.00   16.68    0.00    0.00
  200.00  219.14  -25.00  200.00   16.67    0.00    0.00
  202.50  219.19  -25.00  200.00   16.67    0.00    0.00
  205.00  219.25  -25.00  200.00   16.66    0.00    0.00
  207.50  219.32  -25.00  200.00   16.66    0.00    0.00
  210.00  219.39  -25.00  200.00   16.65    0.00    0.00
  212.50  219.45  -25.00  200.00   16.66    0.00    0.00
  215.00  219.51  -25.00  200.00   16.66    0.00    0.00
  217.50  219.56  -25.00  200.00   16.66    0.00    0.00
  220.00  219.61  -25.00  200.00   16.66    0.00    0.00
  222.50  219.68  -25.00  200.00   16.66    0.00    0.00
  225.00  219.75  -25.00  200.00   16.65    0.00    0.00
  227.50  219.83  -25.00  200.00   16.65    0.00    0.00
  230.00  219.91  -25.00  200.00   16.65    0.00    0.00
  232.50  219.96  -25.00  200.00   16.66    0.00    0.00
  235.00  220.02  -25.00  200.00   16.65    0.00    0.00
  237.50  220.09  -25.00  200.00   16.65    0.00    0.00
  240.00  220.19  -25.00  200.00   16.64    0.00    0.00
  242.50  220.30  -25.00  200.00   16.63    0.00    0.00
  245.00  220.44  -25.00  200.00   16.62    0.00    0.00
  247.50  220.48  -25.00  200.00   16.66    0.00    0.00
  250.00  220.48  -25.00  200.00   16.68    0.00    0.00
  252.50  220.47  -25.00  200.00   16.68    0.00    0.00
  255.00  220.49  -25.00  200.00   16.67    0.00    0.00
  257.50  220.54  -25.00  200.00   16.66    0.00    0.00
  260.00  220.60  -25.00  200.00   16.65    0.00    0.00
  262.50  220.66  -25.00  200.00   16.65    0.00    0.00
  265.00  220.74  -25.00  200.00   16.65    0.00    0.00
  267.50  220.80  -25.00  200.00   16.65    0.00    0.00
  270.00  220.85  -25.00  200.00   16.65    0.00    0.00
  272.50  220.90  -25.00  200.00   16.66    0.00    0.00
  275.00  220.95  -25.00  200.00   16.66    0.00    0.00
  277.50  221.01  -25.00  200.00   16.65    0.00    0.00
  280.00  221.07  -25.00  200.00   16.65    0.00    0.00
  282.50  221.14  -25.00  200.00   16.64    0.00    0.00
  285.00  221.22  -25.00  200.00   16.64    0.00    0.00
  287.50  221.29  -25.00  200.00   16.64    0.00    0.00
  290.00  221.36  -25.00  200.00   16.65    0.00    0.00
  292.50  221.43  -25.00  200.00   16.64    0.00    0.00
  295.00  221.52  -25.00  200.00   16.63    0.00    0.00
  297.50  221.63  -25.00  200.00   16.62    0.00    0.00
  300.00  221.76  -25.00  200.00   16.61    0.00    0.00
  302.50  221.82  -25.00  200.00   16.65    0.00    0.00
  305.00  221.83  -25.00  200.00   16.67    0.00    0.00
  307.50  221.83  -25.00  200.00   16.68    0.00    0.00
  310.00  221.84  -25.00  200.00   16.67    0.00    0.00
  312.50  221.88  -25.00  200.00   16.66    0.00    0.00
  315.00  221.93  -25.00  200.00   16.65    0.00    0.00
  317.50  222.00  -25.00  200.00   16.65    0.00    0.00
  320.00  222.07  -25.00  200.00   16.64    0.00    0.00
  322.50  222.13  -25.00  200.00   16.64    0.00    0.00
  325.00  222.19  -25.00  200.00   16.65    0.00    0.00
  327.50  222.24  -25.00  200.00   16.65    0.00    0.00
  330.00  222.29  -25.00  200.00   16.65    0.00    0.00
  332.50  222.34  -25.00  200.00   16.65    0.00    0.00
  335.00  222.40  -25.00  200.00   16.65    0.00    0.00
  337.50  222.46  -25.00  200.00   16.64    0.00    0.00
  340.00  222.53  -25.00  200.00   16.64    0.00    0.00
  342.50  222.62  -25.00  200.00   16.63    0.00    0.00
  345.00  222.68  -25.00  200.00   16.64    0.00    0.00
  347.50  222.75  -25.00  200.00   16.63    0.00    0.00
  350.00  222.83  -25.00  200.00   16.63    0.00    0.00
  352.50  222.93  -25.00  200.00   16.62    0.00    0.00
  355.00  223.06  -25.00  200.00   16.61    0.00    0.00
  357.50  223.15  -25.00  200.00   16.62    0.00    0.00
  360.00  223.17  -25.00  200.00   16.67    0.00    0.00
  362.50  223.17  -25.00  200.00   16.68    0.00    0.00
  365.00  223.17  -25.00  200.00   16.67    0.00    0.00
  367.50  223.21  -25.00  200.00   16.65    0.00    0.00
  370.00  223.26  -25.00  200.00   16.64    0.00    0.00
  372.50  223.32  -25.00  200.00   16.64    0.00    0.00
  375.00  223.38  -25.00  200.00   16.64    0.00    0.00
  377.50  223.45  -25.00  200.00   16.63    0.00    0.00
  380.00  223.51  -25.00  200.00   16.64    0.00    0.00
  382.50  223.56  -25.00  200.00   16.64    0.00    0.00
  385.00  223.61  -25.00  200.00   16.64    0.00    0.00
  387.50  223.66  -25.00  200.00   16.64    0.00    0.00
  390.00  223.72  -25.00  200.00   16.64    0.00    0.00
  392.50  223.78  -25.00  200.00   16.64    0.00    0.00
  395.00  223.85  -25.00  200.00   16.63    0.00    0.00
  397.50  223.92  -25.00  200.00   16.63    0.00    0.00
  400.00  224.00  -25.00  200.00   16.63    0.00    0.00
